make all --print-data-base --no-builtin-variables --no-builtin-rules --question
# GNU Make 4.2.1
# Built for x86_64-pc-linux-gnu
# Copyright (C) 1988-2016 Free Software Foundation, Inc.
# License GPLv3+: GNU GPL version 3 or later <http://gnu.org/licenses/gpl.html>
# This is free software: you are free to change and redistribute it.
# There is NO WARRANTY, to the extent permitted by law.

# Make data base, printed on Thu Dec  1 14:31:05 2022

# Variables

# automatic
<D = $(patsubst %/,%,$(dir $<))
# automatic
?F = $(notdir $?)
# environment
DESKTOP_SESSION = ubuntu
# default
.SHELLFLAGS := -c
# environment
XDG_SESSION_CLASS = user
# environment
XDG_SESSION_TYPE = x11
# automatic
?D = $(patsubst %/,%,$(dir $?))
# automatic
@D = $(patsubst %/,%,$(dir $@))
# environment
XAUTHORITY = /mnt/nfs/homes/hrecolet/.Xauthority
# environment
GDMSESSION = ubuntu
# environment
XMODIFIERS = @im=ibus
# makefile
CURDIR := /mnt/nfs/homes/hrecolet/Documents/42cursus/Cercle5/ft_containers
# makefile
SHELL = /bin/sh
# environment
GDM_LANG = en
# environment
VSCODE_NLS_CONFIG = {"locale":"en-us","availableLanguages":{},"_languagePackSupport":true}
# environment
_ = /usr/share/code/code
# makefile (from 'Makefile', line 14)
CFLAGS = -Wall -Wextra -Werror -std=c++98
# environment
JOURNAL_STREAM = 9:13190669
# environment
XDG_CONFIG_DIRS = /etc/xdg/xdg-ubuntu:/etc/xdg
# makefile (from 'Makefile', line 1)
MAKEFILE_LIST :=  Makefile
# automatic
@F = $(notdir $@)
# environment
GIO_LAUNCHED_DESKTOP_FILE = /usr/share/applications/code.desktop
# 'override' directive
GNUMAKEFLAGS := 
# environment
MANDATORY_PATH = /usr/share/gconf/ubuntu.mandatory.path
# environment
XDG_DATA_DIRS = /usr/share/gnome:/usr/share/ubuntu:/mnt/nfs/homes/hrecolet/.local/share/flatpak/exports/share:/var/lib/flatpak/exports/share:/usr/local/share:/usr/share:/var/lib/snapd/desktop
# environment
DBUS_SESSION_BUS_ADDRESS = unix:path=/run/user/40354/bus
# makefile (from 'Makefile', line 25)
VEC_OBJS = $(addprefix $(OBJS_DIR)/, $(notdir $(VEC_SRCS:%.cpp=%.o)))
# environment
MANAGERPID = 782185
# environment
VSCODE_CWD = /mnt/nfs/homes/hrecolet
# environment
XDG_SESSION_PATH = /org/freedesktop/DisplayManager/Session10
# environment
KRB5CCNAME = FILE:/tmp/krb5cc_40354_IGFXau
# default
MAKE_HOST := x86_64-pc-linux-gnu
# environment
PATH = /mnt/nfs/homes/hrecolet/bin:/usr/local/sbin:/usr/local/bin:/usr/sbin:/usr/bin:/sbin:/bin:/usr/games:/usr/local/games:/snap/bin
# environment
GPG_AGENT_INFO = /run/user/40354/gnupg/S.gpg-agent:0:1
# environment
LSCOLORS = Gxfxcxdxbxegedabagacad
# environment
SESSION_MANAGER = local/e1r7p19.clusters.42paris.fr:@/tmp/.ICE-unix/824647,unix/e1r7p19.clusters.42paris.fr:/tmp/.ICE-unix/824647
# environment
XDG_RUNTIME_DIR = /run/user/40354
# environment
XDG_MENU_PREFIX = gnome-
# environment
ELECTRON_RUN_AS_NODE = 1
# environment
INVOCATION_ID = 349cd22927f04eb89fcaa31117700f0f
# default
.FEATURES := target-specific order-only second-expansion else-if shortest-stem undefine oneshell archives jobserver output-sync check-symlink load
# environment
XDG_GREETER_DATA_DIR = /var/lib/lightdm-data/hrecolet
# environment
LS_COLORS = 
# environment
XDG_SESSION_DESKTOP = ubuntu
# environment
SSH_AUTH_SOCK = /run/user/40354/keyring/ssh
# environment
GIO_LAUNCHED_DESKTOP_FILE_PID = 825379
# automatic
%F = $(notdir $%)
# environment
DISPLAY = :0
# environment
PWD = /mnt/nfs/homes/hrecolet/Documents/42cursus/Cercle5/ft_containers
# default
.LOADED := 
# environment
SSH_AGENT_PID = 824617
# environment
ORIGINAL_XDG_CURRENT_DESKTOP = ubuntu:GNOME
# environment
GTK_MODULES = gail:atk-bridge
# environment
VSCODE_AMD_ENTRYPOINT = vs/workbench/api/node/extensionHostProcess
# environment
HOME = /mnt/nfs/homes/hrecolet
# environment
VSCODE_CODE_CACHE_PATH = /mnt/nfs/homes/hrecolet/.config/Code/CachedData/6261075646f055b99068d3688932416f2346dd3b
# environment
LOGNAME = hrecolet
# environment
APPLICATION_INSIGHTS_NO_DIAGNOSTIC_CHANNEL = 1
# environment
ZSH = /mnt/nfs/homes/hrecolet/.oh-my-zsh
# environment
VSCODE_HANDLES_UNCAUGHT_ERRORS = true
# environment
GNOME_DESKTOP_SESSION_ID = this-is-deprecated
# automatic
^D = $(patsubst %/,%,$(dir $^))
# makefile (from 'Makefile', line 21)
VEC_SRCS = srcs/ft_vector/main.cpp srcs/ft_vector/constructor.cpp srcs/ft_vector/capacity.cpp 
# environment
MAKELEVEL := 0
# default
MAKE = $(MAKE_COMMAND)
# default
MAKECMDGOALS := all
# environment
QT_IM_MODULE = ibus
# environment
SHLVL = 1
# makefile (from 'Makefile', line 13)
CC = c++
# environment
IM_CONFIG_PHASE = 1
# default
MAKE_VERSION := 4.2.1
# environment
USER = hrecolet
# makefile
.DEFAULT_GOAL := vector
# environment
XDG_CURRENT_DESKTOP = Unity
# environment
LIBVIRT_DEFAULT_URI = qemu:///system
# environment
LESS = -R
# automatic
%D = $(patsubst %/,%,$(dir $%))
# default
MAKE_COMMAND := make
# environment
OLDPWD = /mnt/nfs/homes/hrecolet
# default
.VARIABLES := 
# automatic
*F = $(notdir $*)
# environment
LANGUAGE = en
# environment
XDG_SEAT_PATH = /org/freedesktop/DisplayManager/Seat0
# environment
VSCODE_IPC_HOOK = /run/user/40354/vscode-e9ed8a0c-1.73.1-main.sock
# makefile
MAKEFLAGS = pqrR
# environment
MFLAGS = -pqrR
# automatic
*D = $(patsubst %/,%,$(dir $*))
# makefile (from 'Makefile', line 15)
OBJS_DIR = .objs
# automatic
+D = $(patsubst %/,%,$(dir $+))
# environment
GDK_BACKEND = x11
# automatic
+F = $(notdir $+)
# environment
QT_ACCESSIBILITY = 1
# environment
DEFAULTS_PATH = /usr/share/gconf/ubuntu.default.path
# default
MAKEFILES := 
# automatic
<F = $(notdir $<)
# environment
PAGER = less
# environment
LC_ALL = C
# environment
GJS_DEBUG_TOPICS = JS ERROR;JS LOG
# automatic
^F = $(notdir $^)
# default
SUFFIXES := 
# environment
CHROME_DESKTOP = code-url-handler.desktop
# default
.INCLUDE_DIRS = /usr/include /usr/local/include /usr/include
# environment
GJS_DEBUG_OUTPUT = stderr
# default
.RECIPEPREFIX := 
# environment
LANG = C
# environment
DOCKER_HOST = unix:///run/user/40354/docker.sock
# environment
VSCODE_PID = 825379
# variable set hash-table stats:
# Load=107/1024=10%, Rehash=0, Collisions=7/138=5%

# Pattern-specific Variable Values

# No pattern-specific variable values.

# Directories

# . (device 60, inode 26877458): 9 files, no impossibilities.
# srcs/ft_vector (device 60, inode 23367365): 6 files, no impossibilities so far.

# 15 files, no impossibilities in 2 directories.

# Implicit Rules

.objs/%.o: srcs/ft_vector/%.cpp
#  recipe to execute (from 'Makefile', line 32):
					@printf "\033[0;33mGenerating vector object... %-38.38s \r" $@
					@$(CC) $(CFLAGS) -c $< -o $@

# 1 implicit rules, 0 (0.0%) terminal.

# Files

.objs/main.o: srcs/ft_vector/main.cpp
#  Implicit rule search has been done.
#  Implicit/static pattern stem: 'main'
#  Last modified 2022-12-01 14:05:47.367783816
#  File has been updated.
#  Successfully updated.
#  recipe to execute (from 'Makefile', line 32):
					@printf "\033[0;33mGenerating vector object... %-38.38s \r" $@
					@$(CC) $(CFLAGS) -c $< -o $@

all: vector
#  Command line target.
#  Implicit rule search has been done.
#  File does not exist.
#  File has been updated.
#  Successfully updated.

.PHONY:
#  Implicit rule search has not been done.
#  Modification time never checked.
#  File has not been updated.
#  recipe to execute (from 'Makefile', line 67):
					all clean fclean re

.objs/capacity.o: srcs/ft_vector/capacity.cpp
#  Implicit rule search has been done.
#  Implicit/static pattern stem: 'capacity'
#  Last modified 2022-12-01 14:07:29.584374641
#  File has been updated.
#  Successfully updated.
#  recipe to execute (from 'Makefile', line 32):
					@printf "\033[0;33mGenerating vector object... %-38.38s \r" $@
					@$(CC) $(CFLAGS) -c $< -o $@

# Not a target:
Makefile:
#  Implicit rule search has been done.
#  Last modified 2022-12-01 12:23:06.085204151
#  File has been updated.
#  Successfully updated.
 

.objs/constructor.o: srcs/ft_vector/constructor.cpp
#  Implicit rule search has been done.
#  Implicit/static pattern stem: 'constructor'
#  Last modified 2022-12-01 12:27:34.17775006
#  File has been updated.
#  Successfully updated.
#  recipe to execute (from 'Makefile', line 32):
					@printf "\033[0;33mGenerating vector object... %-38.38s \r" $@
					@$(CC) $(CFLAGS) -c $< -o $@

.objs:
#  Implicit rule search has not been done.
#  Last modified 2022-12-01 14:07:29.585374646
#  File has been updated.
#  Successfully updated.
#  recipe to execute (from 'Makefile', line 28):
					@mkdir -p $(OBJS_DIR)

# Not a target:
srcs/ft_vector/main.cpp:
#  Implicit rule search has been done.
#  Last modified 2022-12-01 14:02:40.811705454
#  File has been updated.
#  Successfully updated.

fclean:
#  Implicit rule search has not been done.
#  Modification time never checked.
#  File has not been updated.
#  recipe to execute (from 'Makefile', line 59):
					@rm -f $(VEC_OBJS)
					@rm -rf $(OBJS_DIR)
					@rm -f vector
					@echo "\033[1;31mProgram and object cleaned!\033[0m"

# Not a target:
srcs/ft_vector/capacity.cpp:
#  Implicit rule search has been done.
#  Last modified 2022-12-01 14:07:26.440356472
#  File has been updated.
#  Successfully updated.

vector: .objs .objs/main.o .objs/constructor.o .objs/capacity.o
#  Implicit rule search has not been done.
#  Last modified 2022-12-01 14:07:29.685375224
#  File has been updated.
#  Successfully updated.
#  recipe to execute (from 'Makefile', line 36):
		      		@$(CC) $(CFLAGS) $(VEC_OBJS) -o vector
					@echo \n
					@echo "\033[1;32mVector: Done!\033[0m"

# Not a target:
.DEFAULT:
#  Implicit rule search has not been done.
#  Modification time never checked.
#  File has not been updated.

# Not a target:
srcs/ft_vector/constructor.cpp:
#  Implicit rule search has been done.
#  Last modified 2022-12-01 11:56:50.829165731
#  File has been updated.
#  Successfully updated.

re: fclean all
#  Implicit rule search has not been done.
#  Modification time never checked.
#  File has not been updated.

clean:
#  Implicit rule search has not been done.
#  Modification time never checked.
#  File has not been updated.
#  recipe to execute (from 'Makefile', line 54):
		      		@rm -f $(VEC_OBJS)
					@rm -rf $(OBJS_DIR)
					@echo "\033[1;31mObject cleaned!\033[0m"
					

# files hash-table stats:
# Load=16/1024=2%, Rehash=0, Collisions=0/43=0%
# VPATH Search Paths

# No 'vpath' search paths.

# No general ('VPATH' variable) search path.

# strcache buffers: 1 (0) / strings = 34 / storage = 385 B / avg = 11 B
# current buf: size = 8162 B / used = 385 B / count = 34 / avg = 11 B

# strcache performance: lookups = 57 / hit rate = 40%
# hash-table stats:
# Load=34/8192=0%, Rehash=0, Collisions=2/57=4%
# Finished Make data base on Thu Dec  1 14:31:05 2022

 
